<?xml version="1.0" encoding="UTF-8"?>
<testng-results ignored="0" total="1" passed="1" failed="0" skipped="0">
  <reporter-output>
  </reporter-output>
  <suite started-at="2026-04-07T16:10:53 IST" name="Suite" finished-at="2026-04-07T16:11:08 IST" duration-ms="14700">
    <groups>
    </groups>
    <test started-at="2026-04-07T16:10:53 IST" name="Test" finished-at="2026-04-07T16:11:08 IST" duration-ms="14700">
      <class name="Pom.PomLoginTest">
        <test-method is-config="true" signature="setup()[pri:0, instance:Pom.PomLoginTest@5fdcaa40]" started-at="2026-04-07T16:10:53 IST" name="setup" finished-at="2026-04-07T16:11:03 IST" duration-ms="9762" status="PASS">
          <reporter-output>
          </reporter-output>
        </test-method> <!-- setup -->
        <test-method signature="testlogin()[pri:0, instance:Pom.PomLoginTest@5fdcaa40]" started-at="2026-04-07T16:11:03 IST" name="testlogin" finished-at="2026-04-07T16:11:06 IST" duration-ms="2881" status="PASS">
          <reporter-output>
          </reporter-output>
        </test-method> <!-- testlogin -->
        <test-method is-config="true" signature="teardown()[pri:0, instance:Pom.PomLoginTest@5fdcaa40]" started-at="2026-04-07T16:11:06 IST" name="teardown" finished-at="2026-04-07T16:11:08 IST" duration-ms="1990" status="PASS">
          <reporter-output>
          </reporter-output>
        </test-method> <!-- teardown -->
      </class> <!-- Pom.PomLoginTest -->
    </test> <!-- Test -->
  </suite> <!-- Suite -->
</testng-results>
