<?xml version="1.0" encoding="UTF-8"?>
<testng-results ignored="0" total="1" passed="1" failed="0" skipped="0">
  <reporter-output>
  </reporter-output>
  <suite started-at="2026-04-07T15:05:17 IST" name="Suite" finished-at="2026-04-07T15:05:31 IST" duration-ms="14185">
    <groups>
    </groups>
    <test started-at="2026-04-07T15:05:17 IST" name="Test" finished-at="2026-04-07T15:05:31 IST" duration-ms="14185">
      <class name="Pom.PomLoginTest">
        <test-method is-config="true" signature="setup()[pri:0, instance:Pom.PomLoginTest@477b4cdf]" started-at="2026-04-07T15:05:17 IST" name="setup" finished-at="2026-04-07T15:05:26 IST" duration-ms="8670" status="PASS">
          <reporter-output>
          </reporter-output>
        </test-method> <!-- setup -->
        <test-method signature="testlogin()[pri:0, instance:Pom.PomLoginTest@477b4cdf]" started-at="2026-04-07T15:05:26 IST" name="testlogin" finished-at="2026-04-07T15:05:29 IST" duration-ms="3258" status="PASS">
          <reporter-output>
          </reporter-output>
        </test-method> <!-- testlogin -->
        <test-method is-config="true" signature="teardown()[pri:0, instance:Pom.PomLoginTest@477b4cdf]" started-at="2026-04-07T15:05:29 IST" name="teardown" finished-at="2026-04-07T15:05:31 IST" duration-ms="2197" status="PASS">
          <reporter-output>
          </reporter-output>
        </test-method> <!-- teardown -->
      </class> <!-- Pom.PomLoginTest -->
    </test> <!-- Test -->
  </suite> <!-- Suite -->
</testng-results>
