<?xml version="1.0" encoding="UTF-8"?>
<!-- Generated by org.testng.reporters.JUnitReportReporter -->
<testsuite hostname="LTIN689565" failures="0" tests="3" name="TestngPrac.Lect43_Intro" time="0.010" errors="0" timestamp="2026-03-24T14:05:16 IST" skipped="0">
  <testcase classname="TestngPrac.Lect43_Intro" name="logout" time="0.008"/>
  <testcase classname="TestngPrac.Lect43_Intro" name="openapp" time="0.001"/>
  <testcase classname="TestngPrac.Lect43_Intro" name="login" time="0.001"/>
</testsuite> <!-- TestngPrac.Lect43_Intro -->
