<?xml version="1.0" encoding="UTF-8"?>
<!-- Generated by org.testng.reporters.JUnitXMLReporter -->
<testsuite ignored="4" hostname="LTIN689565" failures="0" tests="2" name="grouptest" time="0.049" errors="0" timestamp="2026-03-24T17:53:13 IST">
  <testcase classname="TestngPrac.Group1LoginTest" name="loginbyemail" time="0.009"/>
  <testcase classname="TestngPrac.Group1LoginTest" name="loginBygoogle" time="0.002"/>
  <testcase classname="TestngPrac.Group1Payment" name="paymentbycard" time="0.0">
    <ignored/>
  </testcase> <!-- paymentbycard -->
  <testcase classname="TestngPrac.Group1SignupTest" name="signupbyemail" time="0.0">
    <ignored/>
  </testcase> <!-- signupbyemail -->
  <testcase classname="TestngPrac.Group1Payment" name="paymentbycash" time="0.0">
    <ignored/>
  </testcase> <!-- paymentbycash -->
  <testcase classname="TestngPrac.Group1SignupTest" name="signupbygoogle" time="0.0">
    <ignored/>
  </testcase> <!-- signupbygoogle -->
</testsuite> <!-- grouptest -->
